Info: : 4503 mini-second(s) publishing element CapabilityPattern:Fases_Design_Thinking_Adapter[Juciane_Design Thinking Adapter\capabilitypatterns\Fases_Design_Thinking_Adapter_A518258A.html]
Info: CapabilityPattern:Fases_Design_Thinking_Adapter: 4535 mini seconds publishing element
Info: CapabilityPattern:Fases_Design_Thinking_Adapter: 9987 mini seconds publishing process specific layout data
Info: : 1332 mini-second(s) publishing element Phase:Análise[Juciane_Design Thinking Adapter\capabilitypatterns\Análise_6ED8EFA0.html]
Info: Phase:Análise: 1348 mini seconds publishing element
Info: Task:analisar_o_problema: 110 mini seconds publishing element
Info: TaskDescriptor:analisar_o_problema: 93 mini seconds publishing element
Info: : 7618 mini-second(s) publishing element Role:atendimento_ao_cliente[Juciane_Design Thinking Adapter\roles\atendimento_ao_cliente_E50741EE.html]
Info: Role:atendimento_ao_cliente: 7634 mini seconds publishing element
Info: RoleDescriptor:atendimento_ao_cliente: 32 mini seconds publishing element
Info: Role:cliente: 343 mini seconds publishing element
Info: RoleDescriptor:cliente: 31 mini seconds publishing element
Info: Role:gestor_de_projetos: 547 mini seconds publishing element
Info: RoleDescriptor:gestor_de_projetos: 31 mini seconds publishing element
Info: Artifact:descricao_do_cliente_sobre_o_problema: 906 mini seconds publishing element
Info: WorkProductDescriptor:descricao_do_cliente_sobre_o_problema: 32 mini seconds publishing element
Info: Artifact:relatorio_da_analise_do_problema: 406 mini seconds publishing element
Info: WorkProductDescriptor:relatorio_da_analise_do_problema: 31 mini seconds publishing element
Info: Task:coletar_informacoes_sobre_o_cliente: 63 mini seconds publishing element
Info: TaskDescriptor:coletar_informacoes_sobre_o_cliente: 31 mini seconds publishing element
Info: Artifact:relatorio_sobre_o_cliente: 172 mini seconds publishing element
Info: WorkProductDescriptor:relatorio_sobre_o_cliente: 31 mini seconds publishing element
Info: Task:analisar_os_potenciais_competidores: 141 mini seconds publishing element
Info: TaskDescriptor:analisar_os_potenciais_competidores: 46 mini seconds publishing element
Info: Artifact:relatorio_sobre_potenciais_concorrentes: 157 mini seconds publishing element
Info: WorkProductDescriptor:relatorio_sobre_potenciais_concorrentes: 32 mini seconds publishing element
Info: Phase:Ideação: 812 mini seconds publishing element
Info: Task:brainstorm: 78 mini seconds publishing element
Info: TaskDescriptor:brainstorm: 31 mini seconds publishing element
Info: Role:equipe_de_desenvolvimento: 391 mini seconds publishing element
Info: RoleDescriptor:equipe_de_desenvolvimento: 62 mini seconds publishing element
Info: RoleDescriptor:gestor_de_projetos: 31 mini seconds publishing element
Info: WorkProductDescriptor:relatorio_da_analise_do_problema: 16 mini seconds publishing element
Info: Artifact:documento_com_escopo_da_aplicacao_a_ser_desenvolvida: 234 mini seconds publishing element
Info: WorkProductDescriptor:documento_com_escopo_da_aplicacao_a_ser_desenvolvida: 32 mini seconds publishing element
Info: Phase:Prototipação: 953 mini seconds publishing element
Info: Task:desenvolver_um_prototipo_da_aplicacao: 46 mini seconds publishing element
Info: TaskDescriptor:desenvolver_um_prototipo_da_aplicacao: 32 mini seconds publishing element
Info: Role:designer: 297 mini seconds publishing element
Info: RoleDescriptor:designer: 31 mini seconds publishing element
Info: WorkProductDescriptor:documento_com_escopo_da_aplicacao_a_ser_desenvolvida: 16 mini seconds publishing element
Info: Artifact:prototipo_da_aplicacao: 234 mini seconds publishing element
Info: WorkProductDescriptor:prototipo_da_aplicacao: 47 mini seconds publishing element
Info: Task:apresentacao_do_prototipo_para_o_cliente: 63 mini seconds publishing element
Info: TaskDescriptor:apresentacao_do_prototipo_para_o_cliente: 31 mini seconds publishing element
Info: RoleDescriptor:cliente: 31 mini seconds publishing element
Info: RoleDescriptor:gestor_de_projetos: 32 mini seconds publishing element
Info: RoleDescriptor:atendimento_ao_cliente: 31 mini seconds publishing element
Info: Artifact:feedbacks_sobre_o_prototipo: 187 mini seconds publishing element
Info: WorkProductDescriptor:feedbacks_sobre_o_prototipo: 32 mini seconds publishing element
Info: Phase:Análise: 796 mini seconds publishing element
Info: Task:definir_as_tarefas_de_desenvolvimento: 63 mini seconds publishing element
Info: TaskDescriptor:definir_as_tarefas_de_desenvolvimento: 31 mini seconds publishing element
Info: RoleDescriptor:gestor_de_projetos: 31 mini seconds publishing element
Info: WorkProductDescriptor:documento_com_escopo_da_aplicacao_a_ser_desenvolvida: 32 mini seconds publishing element
Info: WorkProductDescriptor:prototipo_da_aplicacao: 31 mini seconds publishing element
Info: Artifact:definicao_das_tarefas_de_desenvolvimento: 234 mini seconds publishing element
Info: WorkProductDescriptor:definicao_das_tarefas_de_desenvolvimento: 16 mini seconds publishing element
Info: Task:atribuir_as_tarefas_de_desenvolvimento: 62 mini seconds publishing element
Info: TaskDescriptor:atribuir_as_tarefas_de_desenvolvimento: 32 mini seconds publishing element
Info: Artifact:atribuicao_das_tarefas_de_desenvolvimento: 187 mini seconds publishing element
Info: WorkProductDescriptor:atribuicao_das_tarefas_de_desenvolvimento: 16 mini seconds publishing element
Info: Phase:Desenvolvimento: 515 mini seconds publishing element
Info: Task:desenvolver_a_aplicacao: 47 mini seconds publishing element
Info: TaskDescriptor:desenvolver_a_aplicacao: 16 mini seconds publishing element
Info: RoleDescriptor:equipe_de_desenvolvimento: 15 mini seconds publishing element
Info: WorkProductDescriptor:definicao_das_tarefas_de_desenvolvimento: 0 mini seconds publishing element
Info: WorkProductDescriptor:documento_com_escopo_da_aplicacao_a_ser_desenvolvida: 16 mini seconds publishing element
Info: WorkProductDescriptor:prototipo_da_aplicacao: 16 mini seconds publishing element
Info: Artifact:aplicacao_funcional: 234 mini seconds publishing element
Info: WorkProductDescriptor:aplicacao_funcional: 15 mini seconds publishing element
Info: : 1906 mini-second(s) publishing element Phase:Testes[Juciane_Design Thinking Adapter\capabilitypatterns\Testes_BE79BBBB.html]
Info: Phase:Testes: 1906 mini seconds publishing element
Info: Task:configurar_ambiente_de_teste: 63 mini seconds publishing element
Info: TaskDescriptor:configurar_ambiente_de_teste: 15 mini seconds publishing element
Info: RoleDescriptor:equipe_de_desenvolvimento: 32 mini seconds publishing element
Info: Role:profissional_de_devops: 265 mini seconds publishing element
Info: RoleDescriptor:profissional_de_devops: 16 mini seconds publishing element
Info: WorkProductDescriptor:aplicacao_funcional: 0 mini seconds publishing element
Info: Artifact:ambiente_de_testes_configurado: 218 mini seconds publishing element
Info: WorkProductDescriptor:ambiente_de_testes_configurado: 16 mini seconds publishing element
Info: Task:preparar_aplicacao_para_testes: 47 mini seconds publishing element
Info: TaskDescriptor:preparar_aplicacao_para_testes: 15 mini seconds publishing element
Info: Artifact:aplicacao_preparada_para_testes: 157 mini seconds publishing element
Info: WorkProductDescriptor:aplicacao_preparada_para_testes: 15 mini seconds publishing element
Info: Task:realizar_testes_na_aplicacao: 47 mini seconds publishing element
Info: TaskDescriptor:realizar_testes_na_aplicacao: 16 mini seconds publishing element
Info: RoleDescriptor:cliente: 0 mini seconds publishing element
Info: RoleDescriptor:gestor_de_projetos: 15 mini seconds publishing element
Info: Artifact:relatorio_dos_problemas_encontrados_nos_testes: 141 mini seconds publishing element
Info: WorkProductDescriptor:relatorio_dos_problemas_encontrados_nos_testes: 16 mini seconds publishing element
Info: Phase:Deploy: 765 mini seconds publishing element
Info: Task:configurar_o_ambiente_de_producao: 31 mini seconds publishing element
Info: TaskDescriptor:configurar_o_ambiente_de_producao: 16 mini seconds publishing element
Info: RoleDescriptor:profissional_de_devops: 16 mini seconds publishing element
Info: RoleDescriptor:equipe_de_desenvolvimento: 0 mini seconds publishing element
Info: WorkProductDescriptor:aplicacao_funcional: 15 mini seconds publishing element
Info: Artifact:ambiente_de_producao_configurado: 172 mini seconds publishing element
Info: WorkProductDescriptor:ambiente_de_producao_configurado: 16 mini seconds publishing element
Info: Task:colocar_aplicacao_em_producao: 62 mini seconds publishing element
Info: TaskDescriptor:colocar_aplicacao_em_producao: 0 mini seconds publishing element
Info: Artifact:aplicacao_executando_em_ambiente_de_producao: 156 mini seconds publishing element
Info: WorkProductDescriptor:aplicacao_executando_em_ambiente_de_producao: 16 mini seconds publishing element
Info: DeliveryProcess:Fluxo_Design_Thinking_Adapter: 797 mini seconds publishing element
Info: DeliveryProcess:Fluxo_Design_Thinking_Adapter: 6593 mini seconds publishing process specific layout data
Info: : 1344 mini-second(s) publishing element Phase:Imersão[Juciane_Design Thinking Adapter\deliveryprocesses\Imersão_4ED51CF3.html]
Info: Phase:Imersão: 1344 mini seconds publishing element
Info: TaskDescriptor:analisar_o_problema: 15 mini seconds publishing element
Info: RoleDescriptor:atendimento_ao_cliente: 31 mini seconds publishing element
Info: RoleDescriptor:cliente: 0 mini seconds publishing element
Info: RoleDescriptor:gestor_de_projetos: 16 mini seconds publishing element
Info: WorkProductDescriptor:descricao_do_cliente_sobre_o_problema: 15 mini seconds publishing element
Info: WorkProductDescriptor:relatorio_da_analise_do_problema: 16 mini seconds publishing element
Info: TaskDescriptor:coletar_informacoes_sobre_o_cliente: 16 mini seconds publishing element
Info: WorkProductDescriptor:relatorio_sobre_o_cliente: 15 mini seconds publishing element
Info: TaskDescriptor:analisar_os_potenciais_competidores: 16 mini seconds publishing element
Info: WorkProductDescriptor:relatorio_sobre_potenciais_concorrentes: 16 mini seconds publishing element
Info: Phase:Ideação: 797 mini seconds publishing element
Info: TaskDescriptor:brainstorm: 31 mini seconds publishing element
Info: RoleDescriptor:equipe_de_desenvolvimento: 16 mini seconds publishing element
Info: RoleDescriptor:gestor_de_projetos: 0 mini seconds publishing element
Info: WorkProductDescriptor:relatorio_da_analise_do_problema: 15 mini seconds publishing element
Info: WorkProductDescriptor:documento_com_escopo_da_aplicacao_a_ser_desenvolvida: 16 mini seconds publishing element
Info: : 1359 mini-second(s) publishing element Phase:Prototipação[Juciane_Design Thinking Adapter\deliveryprocesses\Prototipação_8DCC0723.html]
Info: Phase:Prototipação: 1359 mini seconds publishing element
Info: TaskDescriptor:desenvolver_um_prototipo_da_aplicacao: 16 mini seconds publishing element
Info: RoleDescriptor:designer: 15 mini seconds publishing element
Info: WorkProductDescriptor:documento_com_escopo_da_aplicacao_a_ser_desenvolvida: 16 mini seconds publishing element
Info: WorkProductDescriptor:prototipo_da_aplicacao: 15 mini seconds publishing element
Info: TaskDescriptor:apresentacao_do_prototipo_para_o_cliente: 32 mini seconds publishing element
Info: RoleDescriptor:cliente: 15 mini seconds publishing element
Info: RoleDescriptor:gestor_de_projetos: 16 mini seconds publishing element
Info: RoleDescriptor:atendimento_ao_cliente: 16 mini seconds publishing element
Info: WorkProductDescriptor:feedbacks_sobre_o_prototipo: 15 mini seconds publishing element
Info: Phase:Análise: 766 mini seconds publishing element
Info: TaskDescriptor:definir_as_tarefas_de_desenvolvimento: 15 mini seconds publishing element
Info: RoleDescriptor:gestor_de_projetos: 16 mini seconds publishing element
Info: WorkProductDescriptor:documento_com_escopo_da_aplicacao_a_ser_desenvolvida: 16 mini seconds publishing element
Info: WorkProductDescriptor:prototipo_da_aplicacao: 15 mini seconds publishing element
Info: WorkProductDescriptor:definicao_das_tarefas_de_desenvolvimento: 16 mini seconds publishing element
Info: TaskDescriptor:atribuir_as_tarefas_de_desenvolvimento: 15 mini seconds publishing element
Info: WorkProductDescriptor:atribuicao_das_tarefas_de_desenvolvimento: 16 mini seconds publishing element
Info: Phase:Desenvolvimento: 547 mini seconds publishing element
Info: TaskDescriptor:desenvolver_a_aplicacao: 16 mini seconds publishing element
Info: RoleDescriptor:equipe_de_desenvolvimento: 15 mini seconds publishing element
Info: WorkProductDescriptor:definicao_das_tarefas_de_desenvolvimento: 16 mini seconds publishing element
Info: WorkProductDescriptor:documento_com_escopo_da_aplicacao_a_ser_desenvolvida: 0 mini seconds publishing element
Info: WorkProductDescriptor:prototipo_da_aplicacao: 15 mini seconds publishing element
Info: WorkProductDescriptor:aplicacao_funcional: 16 mini seconds publishing element
Info: : 1750 mini-second(s) publishing element Phase:Testes[Juciane_Design Thinking Adapter\deliveryprocesses\Testes_76E980F4.html]
Info: Phase:Testes: 1750 mini seconds publishing element
Info: TaskDescriptor:configurar_ambiente_de_teste: 15 mini seconds publishing element
Info: RoleDescriptor:equipe_de_desenvolvimento: 16 mini seconds publishing element
Info: RoleDescriptor:profissional_de_devops: 16 mini seconds publishing element
Info: WorkProductDescriptor:aplicacao_funcional: 16 mini seconds publishing element
Info: WorkProductDescriptor:ambiente_de_testes_configurado: 15 mini seconds publishing element
Info: TaskDescriptor:preparar_aplicacao_para_testes: 16 mini seconds publishing element
Info: WorkProductDescriptor:aplicacao_preparada_para_testes: 16 mini seconds publishing element
Info: TaskDescriptor:realizar_testes_na_aplicacao: 15 mini seconds publishing element
Info: RoleDescriptor:cliente: 16 mini seconds publishing element
Info: RoleDescriptor:gestor_de_projetos: 15 mini seconds publishing element
Info: WorkProductDescriptor:relatorio_dos_problemas_encontrados_nos_testes: 16 mini seconds publishing element
Info: Phase:Deploy: 609 mini seconds publishing element
Info: TaskDescriptor:configurar_o_ambiente_de_producao: 16 mini seconds publishing element
Info: RoleDescriptor:profissional_de_devops: 16 mini seconds publishing element
Info: RoleDescriptor:equipe_de_desenvolvimento: 15 mini seconds publishing element
Info: WorkProductDescriptor:aplicacao_funcional: 16 mini seconds publishing element
Info: WorkProductDescriptor:ambiente_de_producao_configurado: 0 mini seconds publishing element
Info: TaskDescriptor:colocar_aplicacao_em_producao: 16 mini seconds publishing element
Info: WorkProductDescriptor:aplicacao_executando_em_ambiente_de_producao: 15 mini seconds publishing element
Info: CustomCategory:Configuration free process view: 563 mini seconds publishing element
Info: CustomCategory:Tasks: 31 mini seconds publishing element
Info: CustomCategory:Roles: 31 mini seconds publishing element
Info: CustomCategory:Work Products: 63 mini seconds publishing element
Info: CustomCategory:Processes: 16 mini seconds publishing element
Info: : Publishing time: 1 minutes 4 seconds
