Warning: Phase:Análise: missing resource file './../../Juciane_Design Thinking Adapter/capabilitypatterns/resources/An&aacute;lise_6ED8EFA0_ActivityDetail.jpeg'
Warning: Phase:Análise: missing resource file './../../Juciane_Design Thinking Adapter/capabilitypatterns/resources/An&aacute;lise_6ED8EFA0_ActivityDetail.jpeg'
Warning: Task:analisar_o_problema: missing resource file './../../Juciane_Design Thinking Adapter/capabilitypatterns/An&aacute;lise_6ED8EFA0.html'
Warning: Task:analisar_o_problema: missing resource file './../../Juciane_Design Thinking Adapter/deliveryprocesses/Imers&atilde;o_4ED51CF3.html'
Warning: Role:atendimento_ao_cliente: missing resource file './../../Juciane_Design Thinking Adapter/capabilitypatterns/An&aacute;lise_6ED8EFA0.html'
Warning: Role:atendimento_ao_cliente: missing resource file './../../Juciane_Design Thinking Adapter/capabilitypatterns/Prototipa&ccedil;&atilde;o_BCEF8B31.html'
Warning: Role:atendimento_ao_cliente: missing resource file './../../Juciane_Design Thinking Adapter/deliveryprocesses/Imers&atilde;o_4ED51CF3.html'
Warning: Role:atendimento_ao_cliente: missing resource file './../../Juciane_Design Thinking Adapter/deliveryprocesses/Prototipa&ccedil;&atilde;o_8DCC0723.html'
Warning: Role:cliente: missing resource file './../../Juciane_Design Thinking Adapter/capabilitypatterns/An&aacute;lise_6ED8EFA0.html'
Warning: Role:cliente: missing resource file './../../Juciane_Design Thinking Adapter/capabilitypatterns/Prototipa&ccedil;&atilde;o_BCEF8B31.html'
Warning: Role:cliente: missing resource file './../../Juciane_Design Thinking Adapter/deliveryprocesses/Imers&atilde;o_4ED51CF3.html'
Warning: Role:cliente: missing resource file './../../Juciane_Design Thinking Adapter/deliveryprocesses/Prototipa&ccedil;&atilde;o_8DCC0723.html'
Warning: Role:gestor_de_projetos: missing resource file './../../Juciane_Design Thinking Adapter/capabilitypatterns/An&aacute;lise_6ED8EFA0.html'
Warning: Role:gestor_de_projetos: missing resource file './../../Juciane_Design Thinking Adapter/capabilitypatterns/Idea&ccedil;&atilde;o_C2E52397.html'
Warning: Role:gestor_de_projetos: missing resource file './../../Juciane_Design Thinking Adapter/capabilitypatterns/Prototipa&ccedil;&atilde;o_BCEF8B31.html'
Warning: Role:gestor_de_projetos: missing resource file './../../Juciane_Design Thinking Adapter/capabilitypatterns/An&aacute;lise_157D3260.html'
Warning: Role:gestor_de_projetos: missing resource file './../../Juciane_Design Thinking Adapter/deliveryprocesses/Imers&atilde;o_4ED51CF3.html'
Warning: Role:gestor_de_projetos: missing resource file './../../Juciane_Design Thinking Adapter/deliveryprocesses/Idea&ccedil;&atilde;o_E59F10E.html'
Warning: Role:gestor_de_projetos: missing resource file './../../Juciane_Design Thinking Adapter/deliveryprocesses/Prototipa&ccedil;&atilde;o_8DCC0723.html'
Warning: Role:gestor_de_projetos: missing resource file './../../Juciane_Design Thinking Adapter/deliveryprocesses/An&aacute;lise_2B2D51EB.html'
Warning: Artifact:descricao_do_cliente_sobre_o_problema: missing resource file './../../Juciane_Design Thinking Adapter/capabilitypatterns/An&aacute;lise_6ED8EFA0.html'
Warning: Artifact:descricao_do_cliente_sobre_o_problema: missing resource file './../../Juciane_Design Thinking Adapter/deliveryprocesses/Imers&atilde;o_4ED51CF3.html'
Warning: Artifact:relatorio_da_analise_do_problema: missing resource file './../../Juciane_Design Thinking Adapter/capabilitypatterns/An&aacute;lise_6ED8EFA0.html'
Warning: Artifact:relatorio_da_analise_do_problema: missing resource file './../../Juciane_Design Thinking Adapter/capabilitypatterns/Idea&ccedil;&atilde;o_C2E52397.html'
Warning: Artifact:relatorio_da_analise_do_problema: missing resource file './../../Juciane_Design Thinking Adapter/deliveryprocesses/Imers&atilde;o_4ED51CF3.html'
Warning: Artifact:relatorio_da_analise_do_problema: missing resource file './../../Juciane_Design Thinking Adapter/deliveryprocesses/Idea&ccedil;&atilde;o_E59F10E.html'
Warning: Task:coletar_informacoes_sobre_o_cliente: missing resource file './../../Juciane_Design Thinking Adapter/capabilitypatterns/An&aacute;lise_6ED8EFA0.html'
Warning: Task:coletar_informacoes_sobre_o_cliente: missing resource file './../../Juciane_Design Thinking Adapter/deliveryprocesses/Imers&atilde;o_4ED51CF3.html'
Warning: Artifact:relatorio_sobre_o_cliente: missing resource file './../../Juciane_Design Thinking Adapter/capabilitypatterns/An&aacute;lise_6ED8EFA0.html'
Warning: Artifact:relatorio_sobre_o_cliente: missing resource file './../../Juciane_Design Thinking Adapter/deliveryprocesses/Imers&atilde;o_4ED51CF3.html'
Warning: Task:analisar_os_potenciais_competidores: missing resource file './../../Juciane_Design Thinking Adapter/capabilitypatterns/An&aacute;lise_6ED8EFA0.html'
Warning: Task:analisar_os_potenciais_competidores: missing resource file './../../Juciane_Design Thinking Adapter/deliveryprocesses/Imers&atilde;o_4ED51CF3.html'
Warning: Artifact:relatorio_sobre_potenciais_concorrentes: missing resource file './../../Juciane_Design Thinking Adapter/capabilitypatterns/An&aacute;lise_6ED8EFA0.html'
Warning: Artifact:relatorio_sobre_potenciais_concorrentes: missing resource file './../../Juciane_Design Thinking Adapter/deliveryprocesses/Imers&atilde;o_4ED51CF3.html'
Warning: Phase:Ideação: missing resource file './../../Juciane_Design Thinking Adapter/capabilitypatterns/resources/Idea&ccedil;&atilde;o_C2E52397_ActivityDetail.jpeg'
Warning: Phase:Ideação: missing resource file './../../Juciane_Design Thinking Adapter/capabilitypatterns/resources/Idea&ccedil;&atilde;o_C2E52397_ActivityDetail.jpeg'
Warning: Task:brainstorm: missing resource file './../../Juciane_Design Thinking Adapter/capabilitypatterns/Idea&ccedil;&atilde;o_C2E52397.html'
Warning: Task:brainstorm: missing resource file './../../Juciane_Design Thinking Adapter/deliveryprocesses/Idea&ccedil;&atilde;o_E59F10E.html'
Warning: Role:equipe_de_desenvolvimento: missing resource file './../../Juciane_Design Thinking Adapter/capabilitypatterns/Idea&ccedil;&atilde;o_C2E52397.html'
Warning: Role:equipe_de_desenvolvimento: missing resource file './../../Juciane_Design Thinking Adapter/deliveryprocesses/Idea&ccedil;&atilde;o_E59F10E.html'
Warning: Artifact:documento_com_escopo_da_aplicacao_a_ser_desenvolvida: missing resource file './../../Juciane_Design Thinking Adapter/capabilitypatterns/Idea&ccedil;&atilde;o_C2E52397.html'
Warning: Artifact:documento_com_escopo_da_aplicacao_a_ser_desenvolvida: missing resource file './../../Juciane_Design Thinking Adapter/capabilitypatterns/Prototipa&ccedil;&atilde;o_BCEF8B31.html'
Warning: Artifact:documento_com_escopo_da_aplicacao_a_ser_desenvolvida: missing resource file './../../Juciane_Design Thinking Adapter/capabilitypatterns/An&aacute;lise_157D3260.html'
Warning: Artifact:documento_com_escopo_da_aplicacao_a_ser_desenvolvida: missing resource file './../../Juciane_Design Thinking Adapter/deliveryprocesses/Idea&ccedil;&atilde;o_E59F10E.html'
Warning: Artifact:documento_com_escopo_da_aplicacao_a_ser_desenvolvida: missing resource file './../../Juciane_Design Thinking Adapter/deliveryprocesses/Prototipa&ccedil;&atilde;o_8DCC0723.html'
Warning: Artifact:documento_com_escopo_da_aplicacao_a_ser_desenvolvida: missing resource file './../../Juciane_Design Thinking Adapter/deliveryprocesses/An&aacute;lise_2B2D51EB.html'
Warning: Phase:Prototipação: missing resource file './../../Juciane_Design Thinking Adapter/capabilitypatterns/resources/Prototipa&ccedil;&atilde;o_BCEF8B31_ActivityDetail.jpeg'
Warning: Phase:Prototipação: missing resource file './../../Juciane_Design Thinking Adapter/capabilitypatterns/resources/Prototipa&ccedil;&atilde;o_BCEF8B31_ActivityDetail.jpeg'
Warning: Task:desenvolver_um_prototipo_da_aplicacao: missing resource file './../../Juciane_Design Thinking Adapter/capabilitypatterns/Prototipa&ccedil;&atilde;o_BCEF8B31.html'
Warning: Task:desenvolver_um_prototipo_da_aplicacao: missing resource file './../../Juciane_Design Thinking Adapter/deliveryprocesses/Prototipa&ccedil;&atilde;o_8DCC0723.html'
Warning: Role:designer: missing resource file './../../Juciane_Design Thinking Adapter/capabilitypatterns/Prototipa&ccedil;&atilde;o_BCEF8B31.html'
Warning: Role:designer: missing resource file './../../Juciane_Design Thinking Adapter/deliveryprocesses/Prototipa&ccedil;&atilde;o_8DCC0723.html'
Warning: Artifact:prototipo_da_aplicacao: missing resource file './../../Juciane_Design Thinking Adapter/capabilitypatterns/Prototipa&ccedil;&atilde;o_BCEF8B31.html'
Warning: Artifact:prototipo_da_aplicacao: missing resource file './../../Juciane_Design Thinking Adapter/capabilitypatterns/An&aacute;lise_157D3260.html'
Warning: Artifact:prototipo_da_aplicacao: missing resource file './../../Juciane_Design Thinking Adapter/deliveryprocesses/Prototipa&ccedil;&atilde;o_8DCC0723.html'
Warning: Artifact:prototipo_da_aplicacao: missing resource file './../../Juciane_Design Thinking Adapter/deliveryprocesses/An&aacute;lise_2B2D51EB.html'
Warning: Task:apresentacao_do_prototipo_para_o_cliente: missing resource file './../../Juciane_Design Thinking Adapter/capabilitypatterns/Prototipa&ccedil;&atilde;o_BCEF8B31.html'
Warning: Task:apresentacao_do_prototipo_para_o_cliente: missing resource file './../../Juciane_Design Thinking Adapter/deliveryprocesses/Prototipa&ccedil;&atilde;o_8DCC0723.html'
Warning: Artifact:feedbacks_sobre_o_prototipo: missing resource file './../../Juciane_Design Thinking Adapter/capabilitypatterns/Prototipa&ccedil;&atilde;o_BCEF8B31.html'
Warning: Artifact:feedbacks_sobre_o_prototipo: missing resource file './../../Juciane_Design Thinking Adapter/deliveryprocesses/Prototipa&ccedil;&atilde;o_8DCC0723.html'
Warning: Phase:Análise: missing resource file './../../Juciane_Design Thinking Adapter/capabilitypatterns/resources/An&aacute;lise_157D3260_ActivityDetail.jpeg'
Warning: Phase:Análise: missing resource file './../../Juciane_Design Thinking Adapter/capabilitypatterns/resources/An&aacute;lise_157D3260_ActivityDetail.jpeg'
Warning: Task:definir_as_tarefas_de_desenvolvimento: missing resource file './../../Juciane_Design Thinking Adapter/capabilitypatterns/An&aacute;lise_157D3260.html'
Warning: Task:definir_as_tarefas_de_desenvolvimento: missing resource file './../../Juciane_Design Thinking Adapter/deliveryprocesses/An&aacute;lise_2B2D51EB.html'
Warning: Artifact:definicao_das_tarefas_de_desenvolvimento: missing resource file './../../Juciane_Design Thinking Adapter/capabilitypatterns/An&aacute;lise_157D3260.html'
Warning: Artifact:definicao_das_tarefas_de_desenvolvimento: missing resource file './../../Juciane_Design Thinking Adapter/deliveryprocesses/An&aacute;lise_2B2D51EB.html'
Warning: Task:atribuir_as_tarefas_de_desenvolvimento: missing resource file './../../Juciane_Design Thinking Adapter/capabilitypatterns/An&aacute;lise_157D3260.html'
Warning: Task:atribuir_as_tarefas_de_desenvolvimento: missing resource file './../../Juciane_Design Thinking Adapter/deliveryprocesses/An&aacute;lise_2B2D51EB.html'
Warning: Artifact:atribuicao_das_tarefas_de_desenvolvimento: missing resource file './../../Juciane_Design Thinking Adapter/capabilitypatterns/An&aacute;lise_157D3260.html'
Warning: Artifact:atribuicao_das_tarefas_de_desenvolvimento: missing resource file './../../Juciane_Design Thinking Adapter/deliveryprocesses/An&aacute;lise_2B2D51EB.html'
Warning: DeliveryProcess:Fluxo_Design_Thinking_Adapter: missing resource file './../../Juciane_Design Thinking Adapter/deliveryprocesses/Imers&atilde;o_4ED51CF3.html'
Warning: DeliveryProcess:Fluxo_Design_Thinking_Adapter: missing resource file './../../Juciane_Design Thinking Adapter/deliveryprocesses/Idea&ccedil;&atilde;o_E59F10E.html'
Warning: DeliveryProcess:Fluxo_Design_Thinking_Adapter: missing resource file './../../Juciane_Design Thinking Adapter/deliveryprocesses/Prototipa&ccedil;&atilde;o_8DCC0723.html'
Warning: DeliveryProcess:Fluxo_Design_Thinking_Adapter: missing resource file './../../Juciane_Design Thinking Adapter/deliveryprocesses/An&aacute;lise_2B2D51EB.html'
Warning: DeliveryProcess:Fluxo_Design_Thinking_Adapter: missing resource file './../../Juciane_Design Thinking Adapter/deliveryprocesses/Imers&atilde;o_4ED51CF3.html'
Warning: DeliveryProcess:Fluxo_Design_Thinking_Adapter: missing resource file './../../Juciane_Design Thinking Adapter/deliveryprocesses/Idea&ccedil;&atilde;o_E59F10E.html'
Warning: DeliveryProcess:Fluxo_Design_Thinking_Adapter: missing resource file './../../Juciane_Design Thinking Adapter/deliveryprocesses/Prototipa&ccedil;&atilde;o_8DCC0723.html'
Warning: DeliveryProcess:Fluxo_Design_Thinking_Adapter: missing resource file './../../Juciane_Design Thinking Adapter/deliveryprocesses/An&aacute;lise_2B2D51EB.html'
Warning: Phase:Imersão: missing resource file './../../Juciane_Design Thinking Adapter/deliveryprocesses/resources/Imers&atilde;o_4ED51CF3_ActivityDetail.jpeg'
Warning: Phase:Imersão: missing resource file './../../Juciane_Design Thinking Adapter/deliveryprocesses/resources/Imers&atilde;o_4ED51CF3_ActivityDetail.jpeg'
Warning: Phase:Ideação: missing resource file './../../Juciane_Design Thinking Adapter/deliveryprocesses/resources/Idea&ccedil;&atilde;o_E59F10E_ActivityDetail.jpeg'
Warning: Phase:Ideação: missing resource file './../../Juciane_Design Thinking Adapter/deliveryprocesses/resources/Idea&ccedil;&atilde;o_E59F10E_ActivityDetail.jpeg'
Warning: Phase:Prototipação: missing resource file './../../Juciane_Design Thinking Adapter/deliveryprocesses/resources/Prototipa&ccedil;&atilde;o_8DCC0723_ActivityDetail.jpeg'
Warning: Phase:Prototipação: missing resource file './../../Juciane_Design Thinking Adapter/deliveryprocesses/resources/Prototipa&ccedil;&atilde;o_8DCC0723_ActivityDetail.jpeg'
Warning: Phase:Análise: missing resource file './../../Juciane_Design Thinking Adapter/deliveryprocesses/resources/An&aacute;lise_2B2D51EB_ActivityDetail.jpeg'
Warning: Phase:Análise: missing resource file './../../Juciane_Design Thinking Adapter/deliveryprocesses/resources/An&aacute;lise_2B2D51EB_ActivityDetail.jpeg'
